<?xml version="1.0" encoding="UTF-8"?>
<!-- Generated by org.testng.reporters.JUnitXMLReporter -->
<testsuite ignored="1" hostname="Arhams-MBP" failures="0" tests="4" name="Amazon AutomationFrameWork" time="43.777" errors="0" timestamp="2021-03-29T11:33:42 EDT">
  <testcase classname="homepagetest.HomePageTest" name="testFresh" time="2.234"/>
  <testcase classname="homepagetest.HomePageTest" name="testHamburger" time="7.949"/>
  <testcase classname="homepagetest.HomePageTest" name="testPharmacy" time="6.477"/>
  <testcase classname="homepagetest.HomePageTest" name="testSearchBox" time="4.691"/>
  <testcase classname="homepagetest.HomePageTest" name="testClothes" time="0.0">
    <ignored/>
  </testcase> <!-- testClothes -->
</testsuite> <!-- Amazon AutomationFrameWork -->
